This file contains any messages produced by compilers while
running configure, to aid debugging if configure makes a mistake.

It was created by swig configure 4.3.1, which was
generated by GNU Autoconf 2.71.  Invocation command line was

  $ ./configure --prefix=/usr/local

## --------- ##
## Platform. ##
## --------- ##

hostname = harrington7
uname -m = x86_64
uname -r = 6.8.0-59-generic
uname -s = Linux
uname -v = #61-Ubuntu SMP PREEMPT_DYNAMIC Fri Apr 11 23:16:11 UTC 2025

/usr/bin/uname -p = x86_64
/bin/uname -X     = unknown

/bin/arch              = x86_64
/usr/bin/arch -k       = unknown
/usr/convex/getsysinfo = unknown
/usr/bin/hostinfo      = unknown
/bin/machine           = unknown
/usr/bin/oslevel       = unknown
/bin/universe          = unknown

PATH: /home/harrington/.bun/bin/
PATH: /home/harrington/.sdkman/candidates/springboot/current/bin/
PATH: /home/harrington/.sdkman/candidates/micronaut/current/bin/
PATH: /home/harrington/.local/bin/
PATH: /usr/local/sbin/
PATH: /usr/local/bin/
PATH: /usr/sbin/
PATH: /usr/bin/
PATH: /sbin/
PATH: /bin/
PATH: /usr/games/
PATH: /usr/local/games/
PATH: /snap/bin/
PATH: /snap/bin/
PATH: /usr/local/micronaut/bin/


## ----------- ##
## Core tests. ##
## ----------- ##

configure:2922: looking for aux files: compile missing install-sh config.guess config.sub
configure:2935:  trying ./Tools/config/
configure:2964:   ./Tools/config/compile found
configure:2964:   ./Tools/config/missing found
configure:2946:   ./Tools/config/install-sh found
configure:2964:   ./Tools/config/config.guess found
configure:2964:   ./Tools/config/config.sub found
configure:3088: checking build system type
configure:3103: result: x86_64-pc-linux-gnu
configure:3123: checking host system type
configure:3137: result: x86_64-pc-linux-gnu
configure:3174: checking for a BSD-compatible install
configure:3247: result: /usr/bin/install -c
configure:3258: checking whether build environment is sane
configure:3313: result: yes
configure:3472: checking for a race-free mkdir -p
configure:3516: result: /usr/bin/mkdir -p
configure:3523: checking for gawk
configure:3544: found /usr/bin/gawk
configure:3555: result: gawk
configure:3566: checking whether make sets $(MAKE)
configure:3589: result: yes
configure:3619: checking whether make supports nested variables
configure:3637: result: yes
configure:3838: checking for gcc
configure:3859: found /usr/bin/gcc
configure:3870: result: gcc
configure:4223: checking for C compiler version
configure:4232: gcc --version >&5
gcc (Ubuntu 13.3.0-6ubuntu2~24.04) 13.3.0
Copyright (C) 2023 Free Software Foundation, Inc.
This is free software; see the source for copying conditions.  There is NO
warranty; not even for MERCHANTABILITY or FITNESS FOR A PARTICULAR PURPOSE.

configure:4243: $? = 0
configure:4232: gcc -v >&5
Using built-in specs.
COLLECT_GCC=gcc
COLLECT_LTO_WRAPPER=/usr/libexec/gcc/x86_64-linux-gnu/13/lto-wrapper
OFFLOAD_TARGET_NAMES=nvptx-none:amdgcn-amdhsa
OFFLOAD_TARGET_DEFAULT=1
Target: x86_64-linux-gnu
Configured with: ../src/configure -v --with-pkgversion='Ubuntu 13.3.0-6ubuntu2~24.04' --with-bugurl=file:///usr/share/doc/gcc-13/README.Bugs --enable-languages=c,ada,c++,go,d,fortran,objc,obj-c++,m2 --prefix=/usr --with-gcc-major-version-only --program-suffix=-13 --program-prefix=x86_64-linux-gnu- --enable-shared --enable-linker-build-id --libexecdir=/usr/libexec --without-included-gettext --enable-threads=posix --libdir=/usr/lib --enable-nls --enable-bootstrap --enable-clocale=gnu --enable-libstdcxx-debug --enable-libstdcxx-time=yes --with-default-libstdcxx-abi=new --enable-libstdcxx-backtrace --enable-gnu-unique-object --disable-vtable-verify --enable-plugin --enable-default-pie --with-system-zlib --enable-libphobos-checking=release --with-target-system-zlib=auto --enable-objc-gc=auto --enable-multiarch --disable-werror --enable-cet --with-arch-32=i686 --with-abi=m64 --with-multilib-list=m32,m64,mx32 --enable-multilib --with-tune=generic --enable-offload-targets=nvptx-none=/build/gcc-13-fG75Ri/gcc-13-13.3.0/debian/tmp-nvptx/usr,amdgcn-amdhsa=/build/gcc-13-fG75Ri/gcc-13-13.3.0/debian/tmp-gcn/usr --enable-offload-defaulted --without-cuda-driver --enable-checking=release --build=x86_64-linux-gnu --host=x86_64-linux-gnu --target=x86_64-linux-gnu --with-build-config=bootstrap-lto-lean --enable-link-serialization=2
Thread model: posix
Supported LTO compression algorithms: zlib zstd
gcc version 13.3.0 (Ubuntu 13.3.0-6ubuntu2~24.04) 
... rest of stderr output deleted ...
configure:4243: $? = 0
configure:4232: gcc -V >&5
gcc: error: unrecognized command-line option '-V'
gcc: fatal error: no input files
compilation terminated.
configure:4243: $? = 1
configure:4232: gcc -qversion >&5
gcc: error: unrecognized command-line option '-qversion'; did you mean '--version'?
gcc: fatal error: no input files
compilation terminated.
configure:4243: $? = 1
configure:4232: gcc -version >&5
gcc: error: unrecognized command-line option '-version'
gcc: fatal error: no input files
compilation terminated.
configure:4243: $? = 1
configure:4263: checking whether the C compiler works
configure:4285: gcc    conftest.c  >&5
configure:4289: $? = 0
configure:4339: result: yes
configure:4342: checking for C compiler default output file name
configure:4344: result: a.out
configure:4350: checking for suffix of executables
configure:4357: gcc -o conftest    conftest.c  >&5
configure:4361: $? = 0
configure:4384: result: 
configure:4406: checking whether we are cross compiling
configure:4414: gcc -o conftest    conftest.c  >&5
configure:4418: $? = 0
configure:4425: ./conftest
configure:4429: $? = 0
configure:4444: result: no
configure:4449: checking for suffix of object files
configure:4472: gcc -c   conftest.c >&5
configure:4476: $? = 0
configure:4498: result: o
configure:4502: checking whether the compiler supports GNU C
configure:4522: gcc -c   conftest.c >&5
configure:4522: $? = 0
configure:4532: result: yes
configure:4543: checking whether gcc accepts -g
configure:4564: gcc -c -g  conftest.c >&5
configure:4564: $? = 0
configure:4608: result: yes
configure:4628: checking for gcc option to enable C11 features
configure:4643: gcc  -c -g -O2  conftest.c >&5
configure:4643: $? = 0
configure:4661: result: none needed
configure:4777: checking whether gcc understands -c and -o together
configure:4800: gcc -c conftest.c -o conftest2.o
configure:4803: $? = 0
configure:4800: gcc -c conftest.c -o conftest2.o
configure:4803: $? = 0
configure:4815: result: yes
configure:4835: checking whether make supports the include directive
configure:4850: make -f confmf.GNU && cat confinc.out
this is the am__doit target
configure:4853: $? = 0
configure:4872: result: yes (GNU style)
configure:4898: checking dependency style of gcc
configure:5010: result: gcc3
configure:5094: checking for g++
configure:5115: found /usr/bin/g++
configure:5126: result: g++
configure:5153: checking for C++ compiler version
configure:5162: g++ --version >&5
g++ (Ubuntu 13.3.0-6ubuntu2~24.04) 13.3.0
Copyright (C) 2023 Free Software Foundation, Inc.
This is free software; see the source for copying conditions.  There is NO
warranty; not even for MERCHANTABILITY or FITNESS FOR A PARTICULAR PURPOSE.

configure:5173: $? = 0
configure:5162: g++ -v >&5
Using built-in specs.
COLLECT_GCC=g++
COLLECT_LTO_WRAPPER=/usr/libexec/gcc/x86_64-linux-gnu/13/lto-wrapper
OFFLOAD_TARGET_NAMES=nvptx-none:amdgcn-amdhsa
OFFLOAD_TARGET_DEFAULT=1
Target: x86_64-linux-gnu
Configured with: ../src/configure -v --with-pkgversion='Ubuntu 13.3.0-6ubuntu2~24.04' --with-bugurl=file:///usr/share/doc/gcc-13/README.Bugs --enable-languages=c,ada,c++,go,d,fortran,objc,obj-c++,m2 --prefix=/usr --with-gcc-major-version-only --program-suffix=-13 --program-prefix=x86_64-linux-gnu- --enable-shared --enable-linker-build-id --libexecdir=/usr/libexec --without-included-gettext --enable-threads=posix --libdir=/usr/lib --enable-nls --enable-bootstrap --enable-clocale=gnu --enable-libstdcxx-debug --enable-libstdcxx-time=yes --with-default-libstdcxx-abi=new --enable-libstdcxx-backtrace --enable-gnu-unique-object --disable-vtable-verify --enable-plugin --enable-default-pie --with-system-zlib --enable-libphobos-checking=release --with-target-system-zlib=auto --enable-objc-gc=auto --enable-multiarch --disable-werror --enable-cet --with-arch-32=i686 --with-abi=m64 --with-multilib-list=m32,m64,mx32 --enable-multilib --with-tune=generic --enable-offload-targets=nvptx-none=/build/gcc-13-fG75Ri/gcc-13-13.3.0/debian/tmp-nvptx/usr,amdgcn-amdhsa=/build/gcc-13-fG75Ri/gcc-13-13.3.0/debian/tmp-gcn/usr --enable-offload-defaulted --without-cuda-driver --enable-checking=release --build=x86_64-linux-gnu --host=x86_64-linux-gnu --target=x86_64-linux-gnu --with-build-config=bootstrap-lto-lean --enable-link-serialization=2
Thread model: posix
Supported LTO compression algorithms: zlib zstd
gcc version 13.3.0 (Ubuntu 13.3.0-6ubuntu2~24.04) 
... rest of stderr output deleted ...
configure:5173: $? = 0
configure:5162: g++ -V >&5
g++: error: unrecognized command-line option '-V'
g++: fatal error: no input files
compilation terminated.
configure:5173: $? = 1
configure:5162: g++ -qversion >&5
g++: error: unrecognized command-line option '-qversion'; did you mean '--version'?
g++: fatal error: no input files
compilation terminated.
configure:5173: $? = 1
configure:5177: checking whether the compiler supports GNU C++
configure:5197: g++ -c   conftest.cpp >&5
configure:5197: $? = 0
configure:5207: result: yes
configure:5218: checking whether g++ accepts -g
configure:5239: g++ -c -g  conftest.cpp >&5
configure:5239: $? = 0
configure:5283: result: yes
configure:5303: checking for g++ option to enable C++11 features
configure:5318: g++  -c -g -O2  conftest.cpp >&5
conftest.cpp: In function 'int main(int, char**)':
conftest.cpp:177:25: warning: empty parentheses were disambiguated as a function declaration [-Wvexing-parse]
  177 |   cxx11test::delegate d2();
      |                         ^~
conftest.cpp:177:25: note: remove parentheses to default-initialize a variable
  177 |   cxx11test::delegate d2();
      |                         ^~
      |                         --
conftest.cpp:177:25: note: or replace parentheses with braces to value-initialize a variable
configure:5318: $? = 0
configure:5336: result: none needed
configure:5402: checking dependency style of g++
configure:5514: result: gcc3
configure:5532: checking maximum warning verbosity option
configure:5571: result: -Wall -W -pedantic for C++ -Wall -W -pedantic for C
configure:5577: checking CFLAGS to compile SWIG executable
configure:5579: result: -g -O2 -Wall -W -pedantic
configure:5581: checking CXXFLAGS to compile SWIG executable
configure:5583: result: -g -O2 -Wall -W -pedantic
configure:5594: checking for grep that handles long lines and -e
configure:5658: result: /usr/bin/grep
configure:5663: checking for egrep
configure:5731: result: /usr/bin/grep -E
configure:5747: checking whether to enable PCRE2 support
configure:5749: result: yes
configure:5753: checking whether to use local PCRE2
configure:5762: result: no
configure:5765: checking for a sed that does not truncate output
configure:5835: result: /usr/bin/sed
configure:5913: checking for pcre2-config
configure:5936: found /usr/bin/pcre2-config
configure:5948: result: /usr/bin/pcre2-config
configure:6124: checking whether to enable ccache-swig
configure:6126: result: yes
configure:6148: checking for bison
configure:6169: found /usr/bin/bison
configure:6180: result: bison
configure:6353: checking for boostlib >=  (102000)
configure:6385: g++ -c -g -O2 -Wall -W -pedantic   -I/usr/include conftest.cpp >&5
configure:6385: $? = 0
configure:6388: result: yes
configure:6554: checking SO
configure:6565: result: .so
configure:6572: checking LDSHARED
configure:6621: result: $(CC) -shared
configure:6627: checking CXXSHARED
configure:6633: result: $(CC) -shared
configure:6637: checking TRYLINKINGWITHCXX
configure:6662: result: CXXSHARED= $(CXX) -shared 
configure:6667: checking CCSHARED
configure:6684: result: -fPIC
configure:6688: checking RPATH
configure:6699: result: -Xlinker -rpath $(exec_prefix)/lib -Xlinker -rpath .
configure:6705: checking LINKFORSHARED
configure:6719: result: -Xlinker -export-dynamic
configure:6723: checking CFLAGS to use for testing (PLATCFLAGS)
configure:6734: result: 
configure:6746: checking whether to attempt to enable C++11 and later C++ standards testing
configure:6748: result: yes
configure:6774: checking whether g++ supports C++20 features with -std=c++20
configure:7597: g++ -std=c++20 -c -g -O2 -Wall -W -pedantic   conftest.cpp >&5
conftest.cpp:110:36: warning: 'volatile'-qualified parameter is deprecated [-Wvolatile]
  110 |     test(const int c, volatile int v)
      |                       ~~~~~~~~~~~~~^
configure:7597: $? = 0
configure:7607: result: yes
configure:7646: checking whether C++11 to C++20 testing is enabled
configure:7649: result: yes
configure:9435: checking CXXFLAGS to use for testing (PLATCXXFLAGS)
configure:9438: result: -std=c++20
configure:9442: checking if compiler supports pre-compiled headers
configure:9480: result: yes
configure:9538: checking for dlopen in -ldl
configure:9561: gcc -o conftest -g -O2 -Wall -W -pedantic    conftest.c -ldl   -lpcre2-8 >&5
configure:9561: $? = 0
configure:9571: result: yes
configure:9581: checking for shl_load in -ldld
configure:9604: gcc -o conftest -g -O2 -Wall -W -pedantic    conftest.c -ldld  -ldl  -lpcre2-8 >&5
/usr/bin/ld: cannot find -ldld: No such file or directory
collect2: error: ld returned 1 exit status
configure:9604: $? = 1
configure: failed program was:
| /* confdefs.h */
| #define PACKAGE_NAME "swig"
| #define PACKAGE_TARNAME "swig"
| #define PACKAGE_VERSION "4.3.1"
| #define PACKAGE_STRING "swig 4.3.1"
| #define PACKAGE_BUGREPORT "https://www.swig.org"
| #define PACKAGE_URL ""
| #define PACKAGE "swig"
| #define VERSION "4.3.1"
| #define SWIG_CXX "g++"
| #define SWIG_PLATFORM "x86_64-pc-linux-gnu"
| #define HAVE_PCRE 1
| #define HAVE_BOOST /**/
| #define HAVE_CXX20 1
| #define HAVE_LIBDL 1
| /* end confdefs.h.  */
| 
| /* Override any GCC internal prototype to avoid an error.
|    Use char because int might match the return type of a GCC
|    builtin and then its argument prototype would still apply.  */
| char shl_load ();
| int
| main (void)
| {
| return shl_load ();
|   ;
|   return 0;
| }
configure:9614: result: no
configure:9639: checking for main in -lieee
configure:9659: gcc -o conftest -g -O2 -Wall -W -pedantic    conftest.c -lieee  -ldl  -lpcre2-8 >&5
conftest.c: In function 'main':
conftest.c:20:1: warning: infinite recursion detected [-Winfinite-recursion]
   20 | main (void)
      | ^~~~
conftest.c:22:8: note: recursive call
   22 | return main ();
      |        ^~~~~~~
/usr/bin/ld: cannot find -lieee: No such file or directory
collect2: error: ld returned 1 exit status
configure:9659: $? = 1
configure: failed program was:
| /* confdefs.h */
| #define PACKAGE_NAME "swig"
| #define PACKAGE_TARNAME "swig"
| #define PACKAGE_VERSION "4.3.1"
| #define PACKAGE_STRING "swig 4.3.1"
| #define PACKAGE_BUGREPORT "https://www.swig.org"
| #define PACKAGE_URL ""
| #define PACKAGE "swig"
| #define VERSION "4.3.1"
| #define SWIG_CXX "g++"
| #define SWIG_PLATFORM "x86_64-pc-linux-gnu"
| #define HAVE_PCRE 1
| #define HAVE_BOOST /**/
| #define HAVE_CXX20 1
| #define HAVE_LIBDL 1
| /* end confdefs.h.  */
| 
| 
| int
| main (void)
| {
| return main ();
|   ;
|   return 0;
| }
configure:9669: result: no
configure:9760: checking for pkg-config
configure:9783: found /usr/bin/pkg-config
configure:9795: result: /usr/bin/pkg-config
configure:9870: checking for android
configure:9905: result: no
configure:9922: checking for adb
configure:9957: result: no
configure:9974: checking for ant
configure:10009: result: no
configure:10026: checking for ndk-build
configure:10061: result: no
configure:10262: checking for mono-csc
configure:10297: result: no
configure:10262: checking for gmcs
configure:10297: result: no
configure:10262: checking for mcs
configure:10297: result: no
configure:10262: checking for cscc
configure:10297: result: no
configure:10515: checking for dmd
configure:10550: result: no
configure:10515: checking for ldmd2
configure:10550: result: no
configure:10515: checking for ldc2
configure:10550: result: no
configure:10515: checking for gdmd
configure:10550: result: no
configure:10628: checking for go
configure:10663: result: no
configure:10703: checking for gccgo
configure:10738: result: no
configure:10835: checking for guile-config
configure:10873: result: no
configure:11063: checking for java JDK
configure:11097: result: no (JAVA_HOME is not defined)
configure:11109: checking for java
configure:11130: found /usr/bin/java
configure:11141: result: java
configure:11165: checking for javac
configure:11186: found /usr/bin/javac
configure:11197: result: javac
configure:11215: checking if java version is 9 or greater
configure:11234: result: yes
configure:11243: checking for java include file jni.h
configure:11289: result: -I"/usr/lib/jvm/java-1.11.0-openjdk-amd64/include"
configure:11292: checking for java include file jni_md.h
configure:11300: result: -I"/usr/lib/jvm/java-1.11.0-openjdk-amd64/include/linux"
configure:11308: checking for java jdk from jni include paths
configure:11315: result: not found
configure:11441: checking for node
configure:11462: found /usr/bin/node
configure:11473: result: node
configure:11491: checking for node-gyp
configure:11512: found /usr/bin/node-gyp
configure:11523: result: node-gyp
configure:11541: checking for npm
configure:11562: found /usr/bin/npm
configure:11573: result: npm
configure:11586: checking for Node-API (napi) header directory
configure:11600: result: not found
configure:11640: checking for JavaScriptCore/Webkit
configure:11659: result: not found
configure:11696: checking for V8 Javascript v8.h
configure:11733: result: /usr/include/v8
configure:11737: checking for V8 Javascript library
configure:11772: g++ -o conftest -g -O2 -Wall -W -pedantic -I/usr/include/v8  conftest.cpp -lv8 >&5
In file included from /usr/include/v8/v8-local-handle.h:12,
                 from /usr/include/v8/v8-array-buffer.h:12,
                 from /usr/include/v8/v8.h:24,
                 from conftest.cpp:17:
/usr/include/v8/v8-internal.h: In static member function 'static void v8::internal::Internals::CheckInitialized(v8::Isolate*)':
/usr/include/v8/v8-internal.h:444:55: warning: unused parameter 'isolate' [-Wunused-parameter]
  444 |   V8_INLINE static void CheckInitialized(v8::Isolate* isolate) {
      |                                          ~~~~~~~~~~~~~^~~~~~~
/usr/include/v8/v8-internal.h: In static member function 'static v8::internal::Isolate* v8::internal::Internals::GetIsolateForSandbox(v8::internal::Address)':
/usr/include/v8/v8-internal.h:576:25: warning: unused parameter 'obj' [-Wunused-parameter]
  576 |       internal::Address obj) {
      |       ~~~~~~~~~~~~~~~~~~^~~
/usr/include/v8/v8-internal.h: In static member function 'static v8::internal::Address v8::internal::Internals::DecodeExternalPointer(const v8::internal::Isolate*, v8::internal::ExternalPointer_t, v8::internal::ExternalPointerTag)':
/usr/include/v8/v8-internal.h:586:22: warning: unused parameter 'isolate' [-Wunused-parameter]
  586 |       const Isolate* isolate, ExternalPointer_t encoded_pointer,
      |       ~~~~~~~~~~~~~~~^~~~~~~
/usr/include/v8/v8-internal.h:587:26: warning: unused parameter 'tag' [-Wunused-parameter]
  587 |       ExternalPointerTag tag) {
      |       ~~~~~~~~~~~~~~~~~~~^~~
/usr/include/v8/v8-internal.h: In static member function 'static v8::internal::Address v8::internal::Internals::ReadExternalPointerField(v8::internal::Isolate*, v8::internal::Address, int, v8::internal::ExternalPointerTag)':
/usr/include/v8/v8-internal.h:596:26: warning: unused parameter 'isolate' [-Wunused-parameter]
  596 |       internal::Isolate* isolate, internal::Address heap_object_ptr, int offset,
      |       ~~~~~~~~~~~~~~~~~~~^~~~~~~
/usr/include/v8/v8-internal.h:597:26: warning: unused parameter 'tag' [-Wunused-parameter]
  597 |       ExternalPointerTag tag) {
      |       ~~~~~~~~~~~~~~~~~~~^~~
In file included from /usr/include/v8/v8-object.h:10,
                 from /usr/include/v8/v8-array-buffer.h:13:
/usr/include/v8/v8-persistent-handle.h: In member function 'virtual void v8::PersistentHandleVisitor::VisitPersistentHandle(v8::Persistent<v8::Value>*, uint16_t)':
/usr/include/v8/v8-persistent-handle.h:443:57: warning: unused parameter 'value' [-Wunused-parameter]
  443 |   virtual void VisitPersistentHandle(Persistent<Value>* value,
      |                                      ~~~~~~~~~~~~~~~~~~~^~~~~
/usr/include/v8/v8-persistent-handle.h:444:47: warning: unused parameter 'class_id' [-Wunused-parameter]
  444 |                                      uint16_t class_id) {}
      |                                      ~~~~~~~~~^~~~~~~~
In file included from /usr/include/v8/v8-object.h:11:
/usr/include/v8/v8-primitive.h: In static member function 'static v8::Local<v8::String> v8::String::NewFromUtf8Literal(v8::Isolate*, const char (&)[N], v8::NewStringType) [with int N = 1]':
/usr/include/v8/v8-primitive.h:567:36: warning: unused parameter 'literal' [-Wunused-parameter]
  567 |     Isolate* isolate, const char (&literal)[1], NewStringType type) {
      |                       ~~~~~~~~~~~~~^~~~~~~~~~~
/usr/include/v8/v8-primitive.h:567:63: warning: unused parameter 'type' [-Wunused-parameter]
  567 |     Isolate* isolate, const char (&literal)[1], NewStringType type) {
      |                                                 ~~~~~~~~~~~~~~^~~~
/usr/include/v8/v8-primitive.h: In member function 'virtual void v8::ExternalResourceVisitor::VisitExternalString(v8::Local<v8::String>)':
/usr/include/v8/v8-primitive.h:577:50: warning: unused parameter 'string' [-Wunused-parameter]
  577 |   virtual void VisitExternalString(Local<String> string) {}
      |                                    ~~~~~~~~~~~~~~^~~~~~
In file included from /usr/include/v8/v8.h:31:
/usr/include/v8/v8-extension.h: In member function 'virtual v8::Local<v8::FunctionTemplate> v8::Extension::GetNativeFunctionTemplate(v8::Isolate*, v8::Local<v8::String>)':
/usr/include/v8/v8-extension.h:31:16: warning: unused parameter 'isolate' [-Wunused-parameter]
   31 |       Isolate* isolate, Local<String> name) {
      |       ~~~~~~~~~^~~~~~~
/usr/include/v8/v8-extension.h:31:39: warning: unused parameter 'name' [-Wunused-parameter]
   31 |       Isolate* isolate, Local<String> name) {
      |                         ~~~~~~~~~~~~~~^~~~
In file included from /usr/include/v8/v8-isolate.h:19,
                 from /usr/include/v8/v8-initialization.h:13,
                 from /usr/include/v8/v8.h:34:
/usr/include/v8/v8-embedder-heap.h: In member function 'virtual void v8::EmbedderHeapTracer::TracedGlobalHandleVisitor::VisitTracedReference(const v8::TracedReference<v8::Value>&)':
/usr/include/v8/v8-embedder-heap.h:88:69: warning: unused parameter 'handle' [-Wunused-parameter]
   88 |     virtual void VisitTracedReference(const TracedReference<Value>& handle) {}
      |                                       ~~~~~~~~~~~~~~~~~~~~~~~~~~~~~~^~~~~~
/usr/include/v8/v8-embedder-heap.h: In member function 'virtual void v8::EmbedderHeapTracer::TracePrologue(TraceFlags)':
/usr/include/v8/v8-embedder-heap.h:137:41: warning: unused parameter 'flags' [-Wunused-parameter]
  137 |   virtual void TracePrologue(TraceFlags flags) {}
      |                              ~~~~~~~~~~~^~~~~
/usr/include/v8/v8-embedder-heap.h: In member function 'virtual void v8::EmbedderHeapTracer::TraceEpilogue(TraceSummary*)':
/usr/include/v8/v8-embedder-heap.h:164:44: warning: unused parameter 'trace_summary' [-Wunused-parameter]
  164 |   virtual void TraceEpilogue(TraceSummary* trace_summary) {}
      |                              ~~~~~~~~~~~~~~^~~~~~~~~~~~~
In file included from /usr/include/v8/v8-initialization.h:14:
/usr/include/v8/v8-platform.h: In member function 'virtual void v8::TaskRunner::PostNonNestableTask(std::unique_ptr<v8::Task>)':
/usr/include/v8/v8-platform.h:93:58: warning: unused parameter 'task' [-Wunused-parameter]
   93 |   virtual void PostNonNestableTask(std::unique_ptr<Task> task) {}
      |                                    ~~~~~~~~~~~~~~~~~~~~~~^~~~
/usr/include/v8/v8-platform.h: In member function 'virtual void v8::TaskRunner::PostNonNestableDelayedTask(std::unique_ptr<v8::Task>, double)':
/usr/include/v8/v8-platform.h:119:65: warning: unused parameter 'task' [-Wunused-parameter]
  119 |   virtual void PostNonNestableDelayedTask(std::unique_ptr<Task> task,
      |                                           ~~~~~~~~~~~~~~~~~~~~~~^~~~
/usr/include/v8/v8-platform.h:120:50: warning: unused parameter 'delay_in_seconds' [-Wunused-parameter]
  120 |                                           double delay_in_seconds) {}
      |                                           ~~~~~~~^~~~~~~~~~~~~~~~
/usr/include/v8/v8-platform.h: In member function 'virtual void v8::JobHandle::UpdatePriority(v8::TaskPriority)':
/usr/include/v8/v8-platform.h:245:44: warning: unused parameter 'new_priority' [-Wunused-parameter]
  245 |   virtual void UpdatePriority(TaskPriority new_priority) {}
      |                               ~~~~~~~~~~~~~^~~~~~~~~~~~
/usr/include/v8/v8-platform.h: In member function 'virtual const uint8_t* v8::TracingController::GetCategoryGroupEnabled(const char*)':
/usr/include/v8/v8-platform.h:303:62: warning: unused parameter 'name' [-Wunused-parameter]
  303 |   virtual const uint8_t* GetCategoryGroupEnabled(const char* name) {
      |                                                  ~~~~~~~~~~~~^~~~
/usr/include/v8/v8-platform.h: In member function 'virtual uint64_t v8::TracingController::AddTraceEvent(char, const uint8_t*, const char*, const char*, uint64_t, uint64_t, int32_t, const char**, const uint8_t*, const uint64_t*, std::unique_ptr<v8::ConvertableToTraceFormat>*, unsigned int)':
/usr/include/v8/v8-platform.h:317:12: warning: unused parameter 'phase' [-Wunused-parameter]
  317 |       char phase, const uint8_t* category_enabled_flag, const char* name,
      |       ~~~~~^~~~~
/usr/include/v8/v8-platform.h:317:34: warning: unused parameter 'category_enabled_flag' [-Wunused-parameter]
  317 |       char phase, const uint8_t* category_enabled_flag, const char* name,
      |                   ~~~~~~~~~~~~~~~^~~~~~~~~~~~~~~~~~~~~
/usr/include/v8/v8-platform.h:317:69: warning: unused parameter 'name' [-Wunused-parameter]
  317 |       char phase, const uint8_t* category_enabled_flag, const char* name,
      |                                                         ~~~~~~~~~~~~^~~~
/usr/include/v8/v8-platform.h:318:19: warning: unused parameter 'scope' [-Wunused-parameter]
  318 |       const char* scope, uint64_t id, uint64_t bind_id, int32_t num_args,
      |       ~~~~~~~~~~~~^~~~~
/usr/include/v8/v8-platform.h:318:35: warning: unused parameter 'id' [-Wunused-parameter]
  318 |       const char* scope, uint64_t id, uint64_t bind_id, int32_t num_args,
      |                          ~~~~~~~~~^~
/usr/include/v8/v8-platform.h:318:48: warning: unused parameter 'bind_id' [-Wunused-parameter]
  318 |       const char* scope, uint64_t id, uint64_t bind_id, int32_t num_args,
      |                                       ~~~~~~~~~^~~~~~~
/usr/include/v8/v8-platform.h:318:65: warning: unused parameter 'num_args' [-Wunused-parameter]
  318 |       const char* scope, uint64_t id, uint64_t bind_id, int32_t num_args,
      |                                                         ~~~~~~~~^~~~~~~~
/usr/include/v8/v8-platform.h:319:20: warning: unused parameter 'arg_names' [-Wunused-parameter]
  319 |       const char** arg_names, const uint8_t* arg_types,
      |       ~~~~~~~~~~~~~^~~~~~~~~
/usr/include/v8/v8-platform.h:319:46: warning: unused parameter 'arg_types' [-Wunused-parameter]
  319 |       const char** arg_names, const uint8_t* arg_types,
      |                               ~~~~~~~~~~~~~~~^~~~~~~~~
/usr/include/v8/v8-platform.h:320:23: warning: unused parameter 'arg_values' [-Wunused-parameter]
  320 |       const uint64_t* arg_values,
      |       ~~~~~~~~~~~~~~~~^~~~~~~~~~
/usr/include/v8/v8-platform.h:321:50: warning: unused parameter 'arg_convertables' [-Wunused-parameter]
  321 |       std::unique_ptr<ConvertableToTraceFormat>* arg_convertables,
      |       ~~~~~~~~~~~~~~~~~~~~~~~~~~~~~~~~~~~~~~~~~~~^~~~~~~~~~~~~~~~
/usr/include/v8/v8-platform.h:322:20: warning: unused parameter 'flags' [-Wunused-parameter]
  322 |       unsigned int flags) {
      |       ~~~~~~~~~~~~~^~~~~
/usr/include/v8/v8-platform.h: In member function 'virtual uint64_t v8::TracingController::AddTraceEventWithTimestamp(char, const uint8_t*, const char*, const char*, uint64_t, uint64_t, int32_t, const char**, const uint8_t*, const uint64_t*, std::unique_ptr<v8::ConvertableToTraceFormat>*, unsigned int, int64_t)':
/usr/include/v8/v8-platform.h:326:12: warning: unused parameter 'phase' [-Wunused-parameter]
  326 |       char phase, const uint8_t* category_enabled_flag, const char* name,
      |       ~~~~~^~~~~
/usr/include/v8/v8-platform.h:326:34: warning: unused parameter 'category_enabled_flag' [-Wunused-parameter]
  326 |       char phase, const uint8_t* category_enabled_flag, const char* name,
      |                   ~~~~~~~~~~~~~~~^~~~~~~~~~~~~~~~~~~~~
/usr/include/v8/v8-platform.h:326:69: warning: unused parameter 'name' [-Wunused-parameter]
  326 |       char phase, const uint8_t* category_enabled_flag, const char* name,
      |                                                         ~~~~~~~~~~~~^~~~
/usr/include/v8/v8-platform.h:327:19: warning: unused parameter 'scope' [-Wunused-parameter]
  327 |       const char* scope, uint64_t id, uint64_t bind_id, int32_t num_args,
      |       ~~~~~~~~~~~~^~~~~
/usr/include/v8/v8-platform.h:327:35: warning: unused parameter 'id' [-Wunused-parameter]
  327 |       const char* scope, uint64_t id, uint64_t bind_id, int32_t num_args,
      |                          ~~~~~~~~~^~
/usr/include/v8/v8-platform.h:327:48: warning: unused parameter 'bind_id' [-Wunused-parameter]
  327 |       const char* scope, uint64_t id, uint64_t bind_id, int32_t num_args,
      |                                       ~~~~~~~~~^~~~~~~
/usr/include/v8/v8-platform.h:327:65: warning: unused parameter 'num_args' [-Wunused-parameter]
  327 |       const char* scope, uint64_t id, uint64_t bind_id, int32_t num_args,
      |                                                         ~~~~~~~~^~~~~~~~
/usr/include/v8/v8-platform.h:328:20: warning: unused parameter 'arg_names' [-Wunused-parameter]
  328 |       const char** arg_names, const uint8_t* arg_types,
      |       ~~~~~~~~~~~~~^~~~~~~~~
/usr/include/v8/v8-platform.h:328:46: warning: unused parameter 'arg_types' [-Wunused-parameter]
  328 |       const char** arg_names, const uint8_t* arg_types,
      |                               ~~~~~~~~~~~~~~~^~~~~~~~~
/usr/include/v8/v8-platform.h:329:23: warning: unused parameter 'arg_values' [-Wunused-parameter]
  329 |       const uint64_t* arg_values,
      |       ~~~~~~~~~~~~~~~~^~~~~~~~~~
/usr/include/v8/v8-platform.h:330:50: warning: unused parameter 'arg_convertables' [-Wunused-parameter]
  330 |       std::unique_ptr<ConvertableToTraceFormat>* arg_convertables,
      |       ~~~~~~~~~~~~~~~~~~~~~~~~~~~~~~~~~~~~~~~~~~~^~~~~~~~~~~~~~~~
/usr/include/v8/v8-platform.h:331:20: warning: unused parameter 'flags' [-Wunused-parameter]
  331 |       unsigned int flags, int64_t timestamp) {
      |       ~~~~~~~~~~~~~^~~~~
/usr/include/v8/v8-platform.h:331:35: warning: unused parameter 'timestamp' [-Wunused-parameter]
  331 |       unsigned int flags, int64_t timestamp) {
      |                           ~~~~~~~~^~~~~~~~~
/usr/include/v8/v8-platform.h: In member function 'virtual void v8::TracingController::UpdateTraceEventDuration(const uint8_t*, const char*, uint64_t)':
/usr/include/v8/v8-platform.h:339:56: warning: unused parameter 'category_enabled_flag' [-Wunused-parameter]
  339 |   virtual void UpdateTraceEventDuration(const uint8_t* category_enabled_flag,
      |                                         ~~~~~~~~~~~~~~~^~~~~~~~~~~~~~~~~~~~~
/usr/include/v8/v8-platform.h:340:53: warning: unused parameter 'name' [-Wunused-parameter]
  340 |                                         const char* name, uint64_t handle) {}
      |                                         ~~~~~~~~~~~~^~~~
/usr/include/v8/v8-platform.h:340:68: warning: unused parameter 'handle' [-Wunused-parameter]
  340 |                                         const char* name, uint64_t handle) {}
      |                                                           ~~~~~~~~~^~~~~~
/usr/include/v8/v8-platform.h: In member function 'virtual bool v8::PageAllocator::DiscardSystemPages(void*, size_t)':
/usr/include/v8/v8-platform.h:439:41: warning: unused parameter 'address' [-Wunused-parameter]
  439 |   virtual bool DiscardSystemPages(void* address, size_t size) { return true; }
      |                                   ~~~~~~^~~~~~~
/usr/include/v8/v8-platform.h:439:57: warning: unused parameter 'size' [-Wunused-parameter]
  439 |   virtual bool DiscardSystemPages(void* address, size_t size) { return true; }
      |                                                  ~~~~~~~^~~~
/usr/include/v8/v8-platform.h: In member function 'virtual bool v8::PageAllocator::ReserveForSharedMemoryMapping(void*, size_t)':
/usr/include/v8/v8-platform.h:486:52: warning: unused parameter 'address' [-Wunused-parameter]
  486 |   virtual bool ReserveForSharedMemoryMapping(void* address, size_t size) {
      |                                              ~~~~~~^~~~~~~
/usr/include/v8/v8-platform.h:486:68: warning: unused parameter 'size' [-Wunused-parameter]
  486 |   virtual bool ReserveForSharedMemoryMapping(void* address, size_t size) {
      |                                                             ~~~~~~~^~~~
/usr/include/v8/v8-platform.h: In member function 'virtual std::unique_ptr<v8::PageAllocator::SharedMemory> v8::PageAllocator::AllocateSharedPages(size_t, const void*)':
/usr/include/v8/v8-platform.h:500:14: warning: unused parameter 'length' [-Wunused-parameter]
  500 |       size_t length, const void* original_address) {
      |       ~~~~~~~^~~~~~
/usr/include/v8/v8-platform.h:500:34: warning: unused parameter 'original_address' [-Wunused-parameter]
  500 |       size_t length, const void* original_address) {
      |                      ~~~~~~~~~~~~^~~~~~~~~~~~~~~~
/usr/include/v8/v8-platform.h: In member function 'virtual bool v8::VirtualAddressSpace::DiscardSystemPages(Address, size_t)':
/usr/include/v8/v8-platform.h:833:65: warning: unused parameter 'address' [-Wunused-parameter]
  833 |   virtual V8_WARN_UNUSED_RESULT bool DiscardSystemPages(Address address,
      |                                                         ~~~~~~~~^~~~~~~
/usr/include/v8/v8-platform.h:834:64: warning: unused parameter 'size' [-Wunused-parameter]
  834 |                                                         size_t size) {
      |                                                         ~~~~~~~^~~~
/usr/include/v8/v8-platform.h: In member function 'virtual bool v8::Platform::OnCriticalMemoryPressure(size_t)':
/usr/include/v8/v8-platform.h:927:48: warning: unused parameter 'length' [-Wunused-parameter]
  927 |   virtual bool OnCriticalMemoryPressure(size_t length) { return false; }
      |                                         ~~~~~~~^~~~~~
/usr/include/v8/v8-platform.h: In member function 'virtual bool v8::Platform::IdleTasksEnabled(v8::Isolate*)':
/usr/include/v8/v8-platform.h:980:42: warning: unused parameter 'isolate' [-Wunused-parameter]
  980 |   virtual bool IdleTasksEnabled(Isolate* isolate) { return false; }
      |                                 ~~~~~~~~~^~~~~~~
configure:11772: $? = 0
configure:11777: result: -lv8
configure:11883: checking for lua5.4
configure:11921: result: no
configure:11883: checking for lua5.3
configure:11921: result: no
configure:11883: checking for lua5.2
configure:11921: result: no
configure:11883: checking for lua5.1
configure:11921: result: no
configure:11883: checking for lua
configure:11921: result: no
configure:12221: checking for mzscheme
configure:12259: result: no
configure:12271: checking for mzc
configure:12309: result: no
configure:12409: checking for ocamlc
configure:12444: result: no
configure:12460: checking for camlp4
configure:12495: result: no
configure:12511: checking for ocamldlgen
configure:12546: result: no
configure:12562: checking for ocamlfind
configure:12597: result: no
configure:12613: checking for ocamlmktop
configure:12648: result: no
configure:12692: checking for octave-cli
configure:12730: result: no
configure:12924: checking for perl
configure:12945: found /usr/bin/perl
configure:12956: result: perl
configure:12974: checking for Perl5 header files
configure:12983: result: /usr/lib/x86_64-linux-gnu/perl/5.38/CORE
configure:12995: checking for Perl5 library
configure:13002: result: perl
configure:13005: checking for Perl5 ccflags
configure:13012: result: -D_REENTRANT -D_GNU_SOURCE -DDEBIAN -fwrapv -fno-strict-aliasing -pipe -I/usr/local/include -D_LARGEFILE_SOURCE -D_FILE_OFFSET_BITS=64
configure:13015: checking for Perl5 ccdlflags
configure:13022: result: -Wl,-E
configure:13025: checking for Perl5 cccdlflags
configure:13032: result: -fPIC
configure:13035: checking for Perl5 ldflags
configure:13042: result:  -fstack-protector-strong -L/usr/local/lib
configure:13045: checking for Perl5 Test::More module
configure:13052: result: found
configure:13108: checking for php8.3
configure:13129: found /usr/bin/php8.3
configure:13140: result: php8.3
configure:13156: checking for PHP header files
configure:13177: result: could not find php-config8.3 or obtain PHP version from it
configure:13218: checking for python
configure:13239: found /usr/bin/python
configure:13250: result: python
configure:13267: checking for python major version number
configure:13270: result: 3
configure:13275: checking for Python 2.x os.name
configure:13278: result: posix
configure:13280: checking for Python 2.x path separator
configure:13283: result: /
configure:13452: checking for python3
configure:13473: found /usr/bin/python3
configure:13484: result: python3
configure:13500: checking for python3-config
configure:13521: found /usr/bin/python3-config
configure:13532: result: python3-config
configure:13601: checking for python3 major version number
configure:13604: result: 3
configure:13612: checking for Python 3.x os.name
configure:13615: result: posix
configure:13617: checking for Python 3.x path separator
configure:13620: result: /
configure:13671: checking for Python 3.x prefix
configure:13674: result: /usr
configure:13676: checking for Python 3.x exec-prefix
configure:13680: result: /usr
configure:13686: checking for Python 3.x version
configure:13692: result: python3.12
configure:13697: checking for Python 3.x lib dir
configure:13704: result: lib
configure:13709: checking for Python 3.x header files
configure:13712: result: -I/usr/include/python3.12 -I/usr/include/python3.12
configure:13716: checking for Python 3.x library directory
configure:13735: result: /usr/lib
configure:13742: checking for Python 3.x library
configure:13748: result: -lpython3.12
configure:13778: checking for pycodestyle
configure:13813: result: no
configure:13833: checking for abi3audit
configure:13868: result: no
configure:13906: checking for R
configure:13944: result: no
configure:13985: checking for ruby
configure:14020: result: no
configure:14032: checking for Ruby header files
configure:14131: result: could not figure out how to run ruby
configure:14181: checking for scilab
configure:14219: result: no
configure:14390: checking for Tcl configuration
configure:14422: result: no
configure:14448: checking for Tcl header files
configure:14456: checking how to run the C preprocessor
configure:14482: gcc -E   conftest.c
configure:14482: $? = 0
configure:14497: gcc -E   conftest.c
conftest.c:17:10: fatal error: ac_nonexistent.h: No such file or directory
   17 | #include <ac_nonexistent.h>
      |          ^~~~~~~~~~~~~~~~~~
compilation terminated.
configure:14497: $? = 1
configure: failed program was:
| /* confdefs.h */
| #define PACKAGE_NAME "swig"
| #define PACKAGE_TARNAME "swig"
| #define PACKAGE_VERSION "4.3.1"
| #define PACKAGE_STRING "swig 4.3.1"
| #define PACKAGE_BUGREPORT "https://www.swig.org"
| #define PACKAGE_URL ""
| #define PACKAGE "swig"
| #define VERSION "4.3.1"
| #define SWIG_CXX "g++"
| #define SWIG_PLATFORM "x86_64-pc-linux-gnu"
| #define HAVE_PCRE 1
| #define HAVE_BOOST /**/
| #define HAVE_CXX20 1
| #define HAVE_LIBDL 1
| /* end confdefs.h.  */
| #include <ac_nonexistent.h>
configure:14524: result: gcc -E
configure:14538: gcc -E   conftest.c
configure:14538: $? = 0
configure:14553: gcc -E   conftest.c
conftest.c:17:10: fatal error: ac_nonexistent.h: No such file or directory
   17 | #include <ac_nonexistent.h>
      |          ^~~~~~~~~~~~~~~~~~
compilation terminated.
configure:14553: $? = 1
configure: failed program was:
| /* confdefs.h */
| #define PACKAGE_NAME "swig"
| #define PACKAGE_TARNAME "swig"
| #define PACKAGE_VERSION "4.3.1"
| #define PACKAGE_STRING "swig 4.3.1"
| #define PACKAGE_BUGREPORT "https://www.swig.org"
| #define PACKAGE_URL ""
| #define PACKAGE "swig"
| #define VERSION "4.3.1"
| #define SWIG_CXX "g++"
| #define SWIG_PLATFORM "x86_64-pc-linux-gnu"
| #define HAVE_PCRE 1
| #define HAVE_BOOST /**/
| #define HAVE_CXX20 1
| #define HAVE_LIBDL 1
| /* end confdefs.h.  */
| #include <ac_nonexistent.h>
configure:14588: gcc -E   conftest.c
conftest.c:17:10: fatal error: tcl.h: No such file or directory
   17 | #include <tcl.h>
      |          ^~~~~~~
compilation terminated.
configure:14588: $? = 1
configure: failed program was:
| /* confdefs.h */
| #define PACKAGE_NAME "swig"
| #define PACKAGE_TARNAME "swig"
| #define PACKAGE_VERSION "4.3.1"
| #define PACKAGE_STRING "swig 4.3.1"
| #define PACKAGE_BUGREPORT "https://www.swig.org"
| #define PACKAGE_URL ""
| #define PACKAGE "swig"
| #define VERSION "4.3.1"
| #define SWIG_CXX "g++"
| #define SWIG_PLATFORM "x86_64-pc-linux-gnu"
| #define HAVE_PCRE 1
| #define HAVE_BOOST /**/
| #define HAVE_CXX20 1
| #define HAVE_LIBDL 1
| /* end confdefs.h.  */
| #include <tcl.h>
configure:14607: result: not found
configure:14615: checking for Tcl library
configure:14628: result: not found
configure:15036: checking that generated files are newer than configure
configure:15042: result: done
configure:15069: creating ./config.status

## ---------------------- ##
## Running config.status. ##
## ---------------------- ##

This file was extended by swig config.status 4.3.1, which was
generated by GNU Autoconf 2.71.  Invocation command line was

  CONFIG_FILES    = 
  CONFIG_HEADERS  = 
  CONFIG_LINKS    = 
  CONFIG_COMMANDS = 
  $ ./config.status 

on harrington7

config.status:1063: creating Makefile
config.status:1063: creating Examples/Makefile
config.status:1063: creating Examples/test-suite/errors/Makefile
config.status:1063: creating Examples/test-suite/c/Makefile
config.status:1063: creating Examples/test-suite/csharp/Makefile
config.status:1063: creating Examples/test-suite/d/Makefile
config.status:1063: creating Examples/test-suite/go/Makefile
config.status:1063: creating Examples/test-suite/guile/Makefile
config.status:1063: creating Examples/test-suite/java/Makefile
config.status:1063: creating Examples/test-suite/javascript/Makefile
config.status:1063: creating Examples/test-suite/lua/Makefile
config.status:1063: creating Examples/test-suite/mzscheme/Makefile
config.status:1063: creating Examples/test-suite/ocaml/Makefile
config.status:1063: creating Examples/test-suite/octave/Makefile
config.status:1063: creating Examples/test-suite/perl5/Makefile
config.status:1063: creating Examples/test-suite/php/Makefile
config.status:1063: creating Examples/test-suite/python/Makefile
config.status:1063: creating Examples/test-suite/r/Makefile
config.status:1063: creating Examples/test-suite/ruby/Makefile
config.status:1063: creating Examples/test-suite/scilab/Makefile
config.status:1063: creating Examples/test-suite/tcl/Makefile
config.status:1063: creating Source/Makefile
config.status:1063: creating Tools/javascript/Makefile
config.status:1063: creating preinst-swig
config.status:1063: creating CCache/ccache_swig_config.h
config.status:1063: creating Source/Include/swigconfig.h
config.status:1292: executing depfiles commands
config.status:1369: cd Source       && sed -e '/# am--include-marker/d' Makefile         | make -f - am--depfiles
config.status:1374: $? = 0
config.status:1292: executing Examples commands
configure:16500: === configuring in CCache (/home/harrington/scale_iot_design_04-30-2025/swig-4.3.1/CCache)
configure:16561: running /bin/bash ./configure --disable-option-checking '--prefix=/usr/local'  --cache-file=/dev/null --srcdir=.

## ---------------- ##
## Cache variables. ##
## ---------------- ##

ac_cv_build=x86_64-pc-linux-gnu
ac_cv_c_compiler_gnu=yes
ac_cv_cxx_compiler_gnu=yes
ac_cv_env_CCC_set=
ac_cv_env_CCC_value=
ac_cv_env_CC_set=
ac_cv_env_CC_value=
ac_cv_env_CFLAGS_set=
ac_cv_env_CFLAGS_value=
ac_cv_env_CPPFLAGS_set=
ac_cv_env_CPPFLAGS_value=
ac_cv_env_CPP_set=
ac_cv_env_CPP_value=
ac_cv_env_CXXFLAGS_set=
ac_cv_env_CXXFLAGS_value=
ac_cv_env_CXX_set=
ac_cv_env_CXX_value=
ac_cv_env_LDFLAGS_set=
ac_cv_env_LDFLAGS_value=
ac_cv_env_LIBS_set=
ac_cv_env_LIBS_value=
ac_cv_env_PCRE2_CFLAGS_set=
ac_cv_env_PCRE2_CFLAGS_value=
ac_cv_env_PCRE2_CONFIG_set=
ac_cv_env_PCRE2_CONFIG_value=
ac_cv_env_PCRE2_LIBS_set=
ac_cv_env_PCRE2_LIBS_value=
ac_cv_env_build_alias_set=
ac_cv_env_build_alias_value=
ac_cv_env_host_alias_set=
ac_cv_env_host_alias_value=
ac_cv_env_target_alias_set=
ac_cv_env_target_alias_value=
ac_cv_host=x86_64-pc-linux-gnu
ac_cv_lib_dl_dlopen=yes
ac_cv_lib_dld_shl_load=no
ac_cv_lib_ieee_main=no
ac_cv_objext=o
ac_cv_path_EGREP='/usr/bin/grep -E'
ac_cv_path_GREP=/usr/bin/grep
ac_cv_path_PCRE2_CONFIG=/usr/bin/pcre2-config
ac_cv_path_SED=/usr/bin/sed
ac_cv_path_ac_pt_PKG_CONFIG=/usr/bin/pkg-config
ac_cv_path_install='/usr/bin/install -c'
ac_cv_path_mkdir=/usr/bin/mkdir
ac_cv_prog_AWK=gawk
ac_cv_prog_BISON=bison
ac_cv_prog_CPP='gcc -E'
ac_cv_prog_JAVA=java
ac_cv_prog_JAVAC=javac
ac_cv_prog_NODEGYP=node-gyp
ac_cv_prog_NODEJS=node
ac_cv_prog_NODENPM=npm
ac_cv_prog_PERL=perl
ac_cv_prog_PHP=php8.3
ac_cv_prog_PY3CONFIG=python3-config
ac_cv_prog_PYTHON3=python3
ac_cv_prog_PYTHON=python
ac_cv_prog_ac_ct_CC=gcc
ac_cv_prog_ac_ct_CXX=g++
ac_cv_prog_cc_c11=
ac_cv_prog_cc_g=yes
ac_cv_prog_cc_stdc=
ac_cv_prog_cxx_cxx11=
ac_cv_prog_cxx_g=yes
ac_cv_prog_cxx_stdcxx=
ac_cv_prog_make_make_set=yes
am_cv_CC_dependencies_compiler_type=gcc3
am_cv_CXX_dependencies_compiler_type=gcc3
am_cv_make_support_nested_variables=yes
am_cv_prog_cc_c_o=yes
ax_cv_cxx_compile_cxx20__std_cpp20=yes

## ----------------- ##
## Output variables. ##
## ----------------- ##

ACLOCAL='${SHELL} '\''/home/harrington/scale_iot_design_04-30-2025/swig-4.3.1/Tools/config/missing'\'' aclocal-1.16'
ADB=''
AMDEPBACKSLASH='\'
AMDEP_FALSE='#'
AMDEP_TRUE=''
AMTAR='$${TAR-tar}'
AM_BACKSLASH='\'
AM_DEFAULT_V='$(AM_DEFAULT_VERBOSITY)'
AM_DEFAULT_VERBOSITY='1'
AM_V='$(V)'
ANDROID=''
ANT=''
AUTOCONF='${SHELL} '\''/home/harrington/scale_iot_design_04-30-2025/swig-4.3.1/Tools/config/missing'\'' autoconf'
AUTOHEADER='${SHELL} '\''/home/harrington/scale_iot_design_04-30-2025/swig-4.3.1/Tools/config/missing'\'' autoheader'
AUTOMAKE='${SHELL} '\''/home/harrington/scale_iot_design_04-30-2025/swig-4.3.1/Tools/config/missing'\'' automake-1.16'
AWK='gawk'
BISON='bison'
BOOST_CPPFLAGS='-I/usr/include'
BOOST_LDFLAGS='-L/usr/lib/x86_64-linux-gnu'
CAMLP4=''
CC='gcc'
CCDEPMODE='depmode=gcc3'
CCSHARED='-fPIC'
CFLAGS='-g -O2 -Wall -W -pedantic'
CPP='gcc -E'
CPPFLAGS=' '
CSCOPE='cscope'
CSHARPCFLAGS=''
CSHARPCILINTERPRETER=''
CSHARPCILINTERPRETER_FLAGS=''
CSHARPCOMPILER=''
CSHARPCONVERTPATH='Tools/convertpath -u'
CSHARPDYNAMICLINKING=''
CSHARPLIBRARYPREFIX='lib'
CSHARPSO='.so'
CTAGS='ctags'
CXX='g++'
CXXDEPMODE='depmode=gcc3'
CXXFLAGS='-g -O2 -Wall -W -pedantic'
CXXSHARED='$(CC) -shared'
CXX_LDSHARED='$(CXXSHARED) -pthread'
CYGPATH_W='echo'
C_LDSHARED='$(LDSHARED) -pthread'
C_SO='$(SO)'
D2COMPILER=''
DEFS='-DHAVE_CONFIG_H'
DEPDIR='.deps'
DLIBPREFIX='lib'
ECHO_C=''
ECHO_N='-n'
ECHO_T=''
EGREP='/usr/bin/grep -E'
ENABLE_CCACHE='1'
ETAGS='etags'
EXEEXT=''
EXTRA_CLEAN=''
GCCGO=''
GCCGOOPT=''
GO12=''
GO13=''
GO15=''
GO1=''
GO=''
GOC=''
GOGCC='false'
GOOPT=''
GOVERSIONOPTION=''
GREP='/usr/bin/grep'
GUILE='yes'
GUILE_CFLAGS=''
GUILE_CONFIG=''
GUILE_LIBS=''
GUILE_SO='.so'
HAVE_CXX11='1'
HAVE_CXX14='1'
HAVE_CXX17='1'
HAVE_CXX20='1'
INSTALL_DATA='${INSTALL} -m 644'
INSTALL_PROGRAM='${INSTALL}'
INSTALL_SCRIPT='${INSTALL}'
INSTALL_STRIP_PROGRAM='$(install_sh) -c -s'
JAVA='"java"'
JAVAC='"javac"'
JAVACFLAGS=''
JAVACXXSHARED='$(CXXSHARED)'
JAVADYNAMICLINKING=''
JAVAFLAGS=''
JAVAINC='-I"/usr/lib/jvm/java-1.11.0-openjdk-amd64/include" -I"/usr/lib/jvm/java-1.11.0-openjdk-amd64/include/linux"'
JAVALDSHARED='$(LDSHARED)'
JAVALIBRARYPREFIX='lib'
JAVASO='.so'
JAVA_CLASSPATH_SEP=':'
JAVA_SKIP_DOXYGEN_TEST_CASES=''
JSCENABLED=''
JSCOREDYNAMICLINKING=''
JSCOREINC=''
JSCOREVERSION=''
JSINTERPRETERCXX='$(CXX)'
JSINTERPRETERLINKFLAGS='-ldl'
JSNAPIENABLED=''
JSV8DYNAMICLINKING='-lv8'
JSV8ENABLED='1'
JSV8INC='-I/usr/include/v8'
LDFLAGS=''
LDSHARED='$(CC) -shared'
LIBC=''
LIBM='-lm'
LIBOBJS=''
LIBS='-ldl  -lpcre2-8'
LINKFORSHARED='-Xlinker -export-dynamic'
LTLIBOBJS=''
LUABIN=''
LUADYNAMICLINKING=''
LUAFLAGS=''
LUALINK=''
LUA_SO='.so'
MAKEINFO='${SHELL} '\''/home/harrington/scale_iot_design_04-30-2025/swig-4.3.1/Tools/config/missing'\'' makeinfo'
MKDIR_P='/usr/bin/mkdir -p'
MZC=''
MZDYNOBJ=''
MZSCHEME=''
MZSCHEME_SO='.so'
NDKBUILD=''
NODEGYP='node-gyp'
NODEJS='node'
NODENAPI_DIR='/home/harrington/.npm-global/lib/node_modules/node-addon-api'
NODENPM='npm'
OBJEXT='o'
OCAMLC=''
OCAMLDLGEN=''
OCAMLFIND=''
OCAMLMKTOP=''
OCTAVE=''
OCTAVE_CPPFLAGS=''
OCTAVE_CXXFLAGS=''
OCTAVE_LDFLAGS=''
OCTAVE_SO='.oct'
PACKAGE='swig'
PACKAGE_BUGREPORT='https://www.swig.org'
PACKAGE_NAME='swig'
PACKAGE_STRING='swig 4.3.1'
PACKAGE_TARNAME='swig'
PACKAGE_URL=''
PACKAGE_VERSION='4.3.1'
PATH_SEPARATOR=':'
PCHINCLUDEARG='-include'
PCHINCLUDEEXT=''
PCHSUPPORT='yes'
PCRE2_CFLAGS=''
PCRE2_CONFIG='/usr/bin/pcre2-config'
PCRE2_LIBS='-lpcre2-8'
PERL5CCCDLFLAGS='-fPIC'
PERL5CCDLFLAGS='-Wl,-E'
PERL5CCFLAGS='-D_REENTRANT -D_GNU_SOURCE -DDEBIAN -fwrapv -fno-strict-aliasing -pipe -I/usr/local/include -D_LARGEFILE_SOURCE -D_FILE_OFFSET_BITS=64'
PERL5DYNAMICLINKING=''
PERL5EXT='/usr/lib/x86_64-linux-gnu/perl/5.38/CORE'
PERL5LDFLAGS=' -fstack-protector-strong -L/usr/local/lib'
PERL5LIB='perl'
PERL='perl'
PHP='php8.3'
PHPINC=''
PHP_SO='.so'
PKG_CONFIG='/usr/bin/pkg-config'
PLATCFLAGS=''
PLATCXXFLAGS='-std=c++20'
PY3CONFIG='python3-config'
PY3INCLUDE='-I/usr/include/python3.12 -I/usr/include/python3.12'
PY3LIB='-L/usr/lib'
PY3LINK='-lpython3.12'
PYABI3AUDIT=''
PYCODESTYLE=''
PYINCLUDE=''
PYLIB=''
PYLINK=''
PYTHON3='python3'
PYTHON3DYNAMICLINKING=''
PYTHON='python'
PYTHONDYNAMICLINKING=''
PYTHON_SO='.so'
RBIN=''
ROOT_DIR='/home/harrington/scale_iot_design_04-30-2025/swig-4.3.1'
RPATH='-Xlinker -rpath $(exec_prefix)/lib -Xlinker -rpath .'
RUBY=''
RUBYCCDLFLAGS=''
RUBYDYNAMICLINKING=''
RUBYINCLUDE=''
RUBYLIB=''
RUBYLINK=''
RUBYSO='.so'
SCILAB=''
SCILABINCLUDE=''
SCILABOPT=''
SCILAB_VERSION=''
SED='/usr/bin/sed'
SET_MAKE=''
SHELL='/bin/bash'
SKIP_ANDROID='1'
SKIP_C=''
SKIP_CSHARP='1'
SKIP_D='1'
SKIP_GO='1'
SKIP_GUILE='1'
SKIP_JAVA=''
SKIP_JAVASCRIPT=''
SKIP_LUA='1'
SKIP_MZSCHEME='1'
SKIP_OCAML='1'
SKIP_OCTAVE='1'
SKIP_PERL5=''
SKIP_PHP='1'
SKIP_PYTHON3=''
SKIP_PYTHON=''
SKIP_R='1'
SKIP_RUBY='1'
SKIP_SCILAB='1'
SKIP_TCL='1'
SO='.so'
STRIP=''
SWIG_LIB='/usr/local/share/swig/4.3.1'
SWIG_LIB_INSTALL='${datarootdir}/swig/4.3.1'
SWIG_LIB_PREINST='/home/harrington/scale_iot_design_04-30-2025/swig-4.3.1/Lib'
SWIG_LIB_SET='env SWIG_LIB=$(SWIG_LIB_DIR)'
TCLCXXSHARED='$(CXXSHARED)'
TCLDYNAMICLINKING=''
TCLINCLUDE=''
TCLLDSHARED='$(LDSHARED)'
TCLLIB=''
TCLLINK=''
TCL_SO='.so'
TRYLINKINGWITHCXX='CXXSHARED= $(CXX) -shared '
VERSION='4.3.1'
ac_aux_dir='./Tools/config/'
ac_ct_CC='gcc'
ac_ct_CXX='g++'
am__EXEEXT_FALSE=''
am__EXEEXT_TRUE='#'
am__fastdepCC_FALSE='#'
am__fastdepCC_TRUE=''
am__fastdepCXX_FALSE='#'
am__fastdepCXX_TRUE=''
am__include='include'
am__isrc=''
am__leading_dot='.'
am__nodep='_no'
am__quote=''
am__tar='$${TAR-tar} chof - "$$tardir"'
am__untar='$${TAR-tar} xf -'
bindir='${exec_prefix}/bin'
build='x86_64-pc-linux-gnu'
build_alias=''
build_cpu='x86_64'
build_os='linux-gnu'
build_vendor='pc'
datadir='${datarootdir}'
datarootdir='${prefix}/share'
docdir='${datarootdir}/doc/${PACKAGE_TARNAME}'
dvidir='${docdir}'
exec_prefix='${prefix}'
host='x86_64-pc-linux-gnu'
host_alias=''
host_cpu='x86_64'
host_os='linux-gnu'
host_vendor='pc'
htmldir='${docdir}'
includedir='${prefix}/include'
infodir='${datarootdir}/info'
install_sh='${SHELL} /home/harrington/scale_iot_design_04-30-2025/swig-4.3.1/Tools/config/install-sh'
libdir='${exec_prefix}/lib'
libexecdir='${exec_prefix}/libexec'
localedir='${datarootdir}/locale'
localstatedir='${prefix}/var'
mandir='${datarootdir}/man'
mkdir_p='$(MKDIR_P)'
oldincludedir='/usr/include'
pdfdir='${docdir}'
prefix='/usr/local'
program_transform_name='s,x,x,'
psdir='${docdir}'
runstatedir='${localstatedir}/run'
sbindir='${exec_prefix}/sbin'
sharedstatedir='${prefix}/com'
subdirs=' CCache'
sysconfdir='${prefix}/etc'
target_alias=''

## ----------- ##
## confdefs.h. ##
## ----------- ##

/* confdefs.h */
#define PACKAGE_NAME "swig"
#define PACKAGE_TARNAME "swig"
#define PACKAGE_VERSION "4.3.1"
#define PACKAGE_STRING "swig 4.3.1"
#define PACKAGE_BUGREPORT "https://www.swig.org"
#define PACKAGE_URL ""
#define PACKAGE "swig"
#define VERSION "4.3.1"
#define SWIG_CXX "g++"
#define SWIG_PLATFORM "x86_64-pc-linux-gnu"
#define HAVE_PCRE 1
#define HAVE_BOOST /**/
#define HAVE_CXX20 1
#define HAVE_LIBDL 1
#define SWIG_LIB "/usr/local/share/swig/4.3.1"
#define SWIG_LIB_WIN_UNIX ""

configure: exit 0
