This file contains any messages produced by compilers while
running configure, to aid debugging if configure makes a mistake.

It was created by ccache-swig configure 0.0, which was
generated by GNU Autoconf 2.71.  Invocation command line was

  $ ./configure --disable-option-checking --prefix=/usr/local --cache-file=/dev/null --srcdir=.

## --------- ##
## Platform. ##
## --------- ##

hostname = harrington7
uname -m = x86_64
uname -r = 6.8.0-59-generic
uname -s = Linux
uname -v = #61-Ubuntu SMP PREEMPT_DYNAMIC Fri Apr 11 23:16:11 UTC 2025

/usr/bin/uname -p = x86_64
/bin/uname -X     = unknown

/bin/arch              = x86_64
/usr/bin/arch -k       = unknown
/usr/convex/getsysinfo = unknown
/usr/bin/hostinfo      = unknown
/bin/machine           = unknown
/usr/bin/oslevel       = unknown
/bin/universe          = unknown

PATH: /home/harrington/.bun/bin/
PATH: /home/harrington/.sdkman/candidates/springboot/current/bin/
PATH: /home/harrington/.sdkman/candidates/micronaut/current/bin/
PATH: /home/harrington/.local/bin/
PATH: /usr/local/sbin/
PATH: /usr/local/bin/
PATH: /usr/sbin/
PATH: /usr/bin/
PATH: /sbin/
PATH: /bin/
PATH: /usr/games/
PATH: /usr/local/games/
PATH: /snap/bin/
PATH: /snap/bin/
PATH: /usr/local/micronaut/bin/


## ----------- ##
## Core tests. ##
## ----------- ##

configure:2318: looking for aux files: install-sh
configure:2331:  trying ./
configure:2342:   ./install-sh found
configure:2474: Configuring ccache
configure:2544: checking for gcc
configure:2565: found /usr/bin/gcc
configure:2576: result: gcc
configure:2929: checking for C compiler version
configure:2938: gcc --version >&5
gcc (Ubuntu 13.3.0-6ubuntu2~24.04) 13.3.0
Copyright (C) 2023 Free Software Foundation, Inc.
This is free software; see the source for copying conditions.  There is NO
warranty; not even for MERCHANTABILITY or FITNESS FOR A PARTICULAR PURPOSE.

configure:2949: $? = 0
configure:2938: gcc -v >&5
Using built-in specs.
COLLECT_GCC=gcc
COLLECT_LTO_WRAPPER=/usr/libexec/gcc/x86_64-linux-gnu/13/lto-wrapper
OFFLOAD_TARGET_NAMES=nvptx-none:amdgcn-amdhsa
OFFLOAD_TARGET_DEFAULT=1
Target: x86_64-linux-gnu
Configured with: ../src/configure -v --with-pkgversion='Ubuntu 13.3.0-6ubuntu2~24.04' --with-bugurl=file:///usr/share/doc/gcc-13/README.Bugs --enable-languages=c,ada,c++,go,d,fortran,objc,obj-c++,m2 --prefix=/usr --with-gcc-major-version-only --program-suffix=-13 --program-prefix=x86_64-linux-gnu- --enable-shared --enable-linker-build-id --libexecdir=/usr/libexec --without-included-gettext --enable-threads=posix --libdir=/usr/lib --enable-nls --enable-bootstrap --enable-clocale=gnu --enable-libstdcxx-debug --enable-libstdcxx-time=yes --with-default-libstdcxx-abi=new --enable-libstdcxx-backtrace --enable-gnu-unique-object --disable-vtable-verify --enable-plugin --enable-default-pie --with-system-zlib --enable-libphobos-checking=release --with-target-system-zlib=auto --enable-objc-gc=auto --enable-multiarch --disable-werror --enable-cet --with-arch-32=i686 --with-abi=m64 --with-multilib-list=m32,m64,mx32 --enable-multilib --with-tune=generic --enable-offload-targets=nvptx-none=/build/gcc-13-fG75Ri/gcc-13-13.3.0/debian/tmp-nvptx/usr,amdgcn-amdhsa=/build/gcc-13-fG75Ri/gcc-13-13.3.0/debian/tmp-gcn/usr --enable-offload-defaulted --without-cuda-driver --enable-checking=release --build=x86_64-linux-gnu --host=x86_64-linux-gnu --target=x86_64-linux-gnu --with-build-config=bootstrap-lto-lean --enable-link-serialization=2
Thread model: posix
Supported LTO compression algorithms: zlib zstd
gcc version 13.3.0 (Ubuntu 13.3.0-6ubuntu2~24.04) 
... rest of stderr output deleted ...
configure:2949: $? = 0
configure:2938: gcc -V >&5
gcc: error: unrecognized command-line option '-V'
gcc: fatal error: no input files
compilation terminated.
configure:2949: $? = 1
configure:2938: gcc -qversion >&5
gcc: error: unrecognized command-line option '-qversion'; did you mean '--version'?
gcc: fatal error: no input files
compilation terminated.
configure:2949: $? = 1
configure:2938: gcc -version >&5
gcc: error: unrecognized command-line option '-version'
gcc: fatal error: no input files
compilation terminated.
configure:2949: $? = 1
configure:2969: checking whether the C compiler works
configure:2991: gcc     conftest.c  >&5
configure:2995: $? = 0
configure:3045: result: yes
configure:3048: checking for C compiler default output file name
configure:3050: result: a.out
configure:3056: checking for suffix of executables
configure:3063: gcc -o conftest     conftest.c  >&5
configure:3067: $? = 0
configure:3090: result: 
configure:3112: checking whether we are cross compiling
configure:3120: gcc -o conftest     conftest.c  >&5
configure:3124: $? = 0
configure:3131: ./conftest
configure:3135: $? = 0
configure:3150: result: no
configure:3155: checking for suffix of object files
configure:3178: gcc -c    conftest.c >&5
configure:3182: $? = 0
configure:3204: result: o
configure:3208: checking whether the compiler supports GNU C
configure:3228: gcc -c    conftest.c >&5
configure:3228: $? = 0
configure:3238: result: yes
configure:3249: checking whether gcc accepts -g
configure:3270: gcc -c -g   conftest.c >&5
configure:3270: $? = 0
configure:3314: result: yes
configure:3334: checking for gcc option to enable C11 features
configure:3349: gcc  -c -g -O2   conftest.c >&5
configure:3349: $? = 0
configure:3367: result: none needed
configure:3482: checking how to run the C preprocessor
configure:3508: gcc -E   conftest.c
configure:3508: $? = 0
configure:3523: gcc -E   conftest.c
conftest.c:9:10: fatal error: ac_nonexistent.h: No such file or directory
    9 | #include <ac_nonexistent.h>
      |          ^~~~~~~~~~~~~~~~~~
compilation terminated.
configure:3523: $? = 1
configure: failed program was:
| /* confdefs.h */
| #define PACKAGE_NAME "ccache-swig"
| #define PACKAGE_TARNAME "ccache-swig"
| #define PACKAGE_VERSION "0.0"
| #define PACKAGE_STRING "ccache-swig 0.0"
| #define PACKAGE_BUGREPORT ""
| #define PACKAGE_URL ""
| /* end confdefs.h.  */
| #include <ac_nonexistent.h>
configure:3550: result: gcc -E
configure:3564: gcc -E   conftest.c
configure:3564: $? = 0
configure:3579: gcc -E   conftest.c
conftest.c:9:10: fatal error: ac_nonexistent.h: No such file or directory
    9 | #include <ac_nonexistent.h>
      |          ^~~~~~~~~~~~~~~~~~
compilation terminated.
configure:3579: $? = 1
configure: failed program was:
| /* confdefs.h */
| #define PACKAGE_NAME "ccache-swig"
| #define PACKAGE_TARNAME "ccache-swig"
| #define PACKAGE_VERSION "0.0"
| #define PACKAGE_STRING "ccache-swig 0.0"
| #define PACKAGE_BUGREPORT ""
| #define PACKAGE_URL ""
| /* end confdefs.h.  */
| #include <ac_nonexistent.h>
configure:3625: checking for a BSD-compatible install
configure:3698: result: /usr/bin/install -c
configure:3752: checking for dirent.h that defines DIR
configure:3772: gcc -c -g -O2 -Wall -W   conftest.c >&5
configure:3772: $? = 0
configure:3781: result: yes
configure:3795: checking for library containing opendir
configure:3825: gcc -o conftest -g -O2 -Wall -W    conftest.c  >&5
configure:3825: $? = 0
configure:3845: result: none required
configure:3917: checking for sys/wait.h that is POSIX.1 compatible
configure:3944: gcc -c -g -O2 -Wall -W   conftest.c >&5
configure:3944: $? = 0
configure:3952: result: yes
configure:3965: checking for stdio.h
configure:3965: gcc -c -g -O2 -Wall -W   conftest.c >&5
configure:3965: $? = 0
configure:3965: result: yes
configure:3965: checking for stdlib.h
configure:3965: gcc -c -g -O2 -Wall -W   conftest.c >&5
configure:3965: $? = 0
configure:3965: result: yes
configure:3965: checking for string.h
configure:3965: gcc -c -g -O2 -Wall -W   conftest.c >&5
configure:3965: $? = 0
configure:3965: result: yes
configure:3965: checking for inttypes.h
configure:3965: gcc -c -g -O2 -Wall -W   conftest.c >&5
configure:3965: $? = 0
configure:3965: result: yes
configure:3965: checking for stdint.h
configure:3965: gcc -c -g -O2 -Wall -W   conftest.c >&5
configure:3965: $? = 0
configure:3965: result: yes
configure:3965: checking for strings.h
configure:3965: gcc -c -g -O2 -Wall -W   conftest.c >&5
configure:3965: $? = 0
configure:3965: result: yes
configure:3965: checking for sys/stat.h
configure:3965: gcc -c -g -O2 -Wall -W   conftest.c >&5
configure:3965: $? = 0
configure:3965: result: yes
configure:3965: checking for sys/types.h
configure:3965: gcc -c -g -O2 -Wall -W   conftest.c >&5
configure:3965: $? = 0
configure:3965: result: yes
configure:3965: checking for unistd.h
configure:3965: gcc -c -g -O2 -Wall -W   conftest.c >&5
configure:3965: $? = 0
configure:3965: result: yes
configure:3990: checking for ctype.h
configure:3990: gcc -c -g -O2 -Wall -W   conftest.c >&5
configure:3990: $? = 0
configure:3990: result: yes
configure:3996: checking for strings.h
configure:3996: result: yes
configure:4002: checking for stdlib.h
configure:4002: result: yes
configure:4008: checking for string.h
configure:4008: result: yes
configure:4014: checking for pwd.h
configure:4014: gcc -c -g -O2 -Wall -W   conftest.c >&5
configure:4014: $? = 0
configure:4014: result: yes
configure:4020: checking for sys/time.h
configure:4020: gcc -c -g -O2 -Wall -W   conftest.c >&5
configure:4020: $? = 0
configure:4020: result: yes
configure:4028: checking for realpath
configure:4028: gcc -o conftest -g -O2 -Wall -W    conftest.c  >&5
configure:4028: $? = 0
configure:4028: result: yes
configure:4034: checking for snprintf
configure:4034: gcc -o conftest -g -O2 -Wall -W    conftest.c  >&5
conftest.c:46:6: warning: conflicting types for built-in function 'snprintf'; expected 'int(char *, long unsigned int,  const char *, ...)' [-Wbuiltin-declaration-mismatch]
   46 | char snprintf ();
      |      ^~~~~~~~
conftest.c:38:1: note: 'snprintf' is declared in header '<stdio.h>'
   37 | #include <limits.h>
   38 | #undef snprintf
configure:4034: $? = 0
configure:4034: result: yes
configure:4040: checking for vsnprintf
configure:4040: gcc -o conftest -g -O2 -Wall -W    conftest.c  >&5
conftest.c:47:6: warning: conflicting types for built-in function 'vsnprintf'; expected 'int(char *, long unsigned int,  const char *, __va_list_tag *)' [-Wbuiltin-declaration-mismatch]
   47 | char vsnprintf ();
      |      ^~~~~~~~~
conftest.c:39:1: note: 'vsnprintf' is declared in header '<stdio.h>'
   38 | #include <limits.h>
   39 | #undef vsnprintf
configure:4040: $? = 0
configure:4040: result: yes
configure:4046: checking for vasprintf
configure:4046: gcc -o conftest -g -O2 -Wall -W    conftest.c  >&5
configure:4046: $? = 0
configure:4046: result: yes
configure:4052: checking for asprintf
configure:4052: gcc -o conftest -g -O2 -Wall -W    conftest.c  >&5
configure:4052: $? = 0
configure:4052: result: yes
configure:4058: checking for mkstemp
configure:4058: gcc -o conftest -g -O2 -Wall -W    conftest.c  >&5
configure:4058: $? = 0
configure:4058: result: yes
configure:4065: checking for gethostname
configure:4065: gcc -o conftest -g -O2 -Wall -W    conftest.c  >&5
configure:4065: $? = 0
configure:4065: result: yes
configure:4071: checking for getpwuid
configure:4071: gcc -o conftest -g -O2 -Wall -W    conftest.c  >&5
configure:4071: $? = 0
configure:4071: result: yes
configure:4078: checking for utimes
configure:4078: gcc -o conftest -g -O2 -Wall -W    conftest.c  >&5
configure:4078: $? = 0
configure:4078: result: yes
configure:4086: checking for compar_fn_t in stdlib.h
configure:4106: gcc -c -g -O2 -Wall -W   conftest.c >&5
conftest.c: In function 'test_fn':
conftest.c:43:22: warning: argument 1 null where non-null expected [-Wnonnull]
   43 | void test_fn(void) { qsort(NULL, 0, 0, (__compar_fn_t)NULL); }
      |                      ^~~~~
In file included from conftest.c:38:
/usr/include/stdlib.h:970:13: note: in a call to function 'qsort' declared 'nonnull'
  970 | extern void qsort (void *__base, size_t __nmemb, size_t __size,
      |             ^~~~~
conftest.c:43:22: warning: argument 4 null where non-null expected [-Wnonnull]
   43 | void test_fn(void) { qsort(NULL, 0, 0, (__compar_fn_t)NULL); }
      |                      ^~~~~
/usr/include/stdlib.h:970:13: note: in a call to function 'qsort' declared 'nonnull'
  970 | extern void qsort (void *__base, size_t __nmemb, size_t __size,
      |             ^~~~~
conftest.c: At top level:
conftest.c:43:6: warning: 'test_fn' defined but not used [-Wunused-function]
   43 | void test_fn(void) { qsort(NULL, 0, 0, (__compar_fn_t)NULL); }
      |      ^~~~~~~
configure:4106: $? = 0
configure:4114: result: yes
configure:4122: checking for C99 vsnprintf
configure:4158: gcc -o conftest -g -O2 -Wall -W    conftest.c  >&5
conftest.c: In function 'foo':
conftest.c:55:12: warning: 'hello' directive output truncated writing 5 bytes into a region of size 3 [-Wformat-truncation=]
   55 |        if (snprintf(buf, 3, "hello") != 5 || strcmp(buf, "he") != 0) exit(1);
      |            ^~~~~~~~~~~~~~~~~~~~~~~~~
In file included from /usr/include/stdio.h:980,
                 from conftest.c:42:
In function 'snprintf',
    inlined from 'foo' at conftest.c:55:12:
/usr/include/x86_64-linux-gnu/bits/stdio2.h:54:10: note: '__builtin_snprintf' output 6 bytes into a destination of size 3
   54 |   return __builtin___snprintf_chk (__s, __n, __USE_FORTIFY_LEVEL - 1,
      |          ^~~~~~~~~~~~~~~~~~~~~~~~~~~~~~~~~~~~~~~~~~~~~~~~~~~~~~~~~~~~
   55 |                                    __glibc_objsize (__s), __fmt,
      |                                    ~~~~~~~~~~~~~~~~~~~~~~~~~~~~~
   56 |                                    __va_arg_pack ());
      |                                    ~~~~~~~~~~~~~~~~~
configure:4158: $? = 0
configure:4158: ./conftest
configure:4158: $? = 0
configure:4169: result: yes
configure:4187: checking for zlib.h
configure:4187: gcc -c -g -O2 -Wall -W   conftest.c >&5
configure:4187: $? = 0
configure:4187: result: yes
configure:4190: checking for gzdopen in -lz
configure:4213: gcc -o conftest -g -O2 -Wall -W    conftest.c -lz   >&5
configure:4213: $? = 0
configure:4223: result: yes
configure:4345: creating ./config.status

## ---------------------- ##
## Running config.status. ##
## ---------------------- ##

This file was extended by ccache-swig config.status 0.0, which was
generated by GNU Autoconf 2.71.  Invocation command line was

  CONFIG_FILES    = 
  CONFIG_HEADERS  = 
  CONFIG_LINKS    = 
  CONFIG_COMMANDS = 
  $ ./config.status 

on harrington7

config.status:817: creating config_win32.h
config.status:817: creating Makefile
config.status:817: creating config.h

## ---------------- ##
## Cache variables. ##
## ---------------- ##

ac_cv_c_compiler_gnu=yes
ac_cv_env_CC_set=
ac_cv_env_CC_value=
ac_cv_env_CFLAGS_set=
ac_cv_env_CFLAGS_value=
ac_cv_env_CPPFLAGS_set=set
ac_cv_env_CPPFLAGS_value=' '
ac_cv_env_CPP_set=
ac_cv_env_CPP_value=
ac_cv_env_LDFLAGS_set=set
ac_cv_env_LDFLAGS_value=
ac_cv_env_LIBS_set=
ac_cv_env_LIBS_value=
ac_cv_env_build_alias_set=
ac_cv_env_build_alias_value=
ac_cv_env_host_alias_set=
ac_cv_env_host_alias_value=
ac_cv_env_target_alias_set=
ac_cv_env_target_alias_value=
ac_cv_func_asprintf=yes
ac_cv_func_gethostname=yes
ac_cv_func_getpwuid=yes
ac_cv_func_mkstemp=yes
ac_cv_func_realpath=yes
ac_cv_func_snprintf=yes
ac_cv_func_utimes=yes
ac_cv_func_vasprintf=yes
ac_cv_func_vsnprintf=yes
ac_cv_header_ctype_h=yes
ac_cv_header_dirent_dirent_h=yes
ac_cv_header_inttypes_h=yes
ac_cv_header_pwd_h=yes
ac_cv_header_stdint_h=yes
ac_cv_header_stdio_h=yes
ac_cv_header_stdlib_h=yes
ac_cv_header_string_h=yes
ac_cv_header_strings_h=yes
ac_cv_header_sys_stat_h=yes
ac_cv_header_sys_time_h=yes
ac_cv_header_sys_types_h=yes
ac_cv_header_sys_wait_h=yes
ac_cv_header_unistd_h=yes
ac_cv_header_zlib_h=yes
ac_cv_lib_z_gzdopen=yes
ac_cv_objext=o
ac_cv_path_install='/usr/bin/install -c'
ac_cv_prog_CPP='gcc -E'
ac_cv_prog_ac_ct_CC=gcc
ac_cv_prog_cc_c11=
ac_cv_prog_cc_g=yes
ac_cv_prog_cc_stdc=
ac_cv_search_opendir='none required'
ccache_cv_COMPAR_FN_T=yes
ccache_cv_HAVE_C99_VSNPRINTF=yes

## ----------------- ##
## Output variables. ##
## ----------------- ##

CC='gcc'
CFLAGS='-g -O2 -Wall -W'
CPP='gcc -E'
CPPFLAGS=' '
DEFS='-DHAVE_CONFIG_H'
ECHO_C=''
ECHO_N='-n'
ECHO_T=''
EXEEXT=''
INSTALL_DATA='${INSTALL} -m 644'
INSTALL_PROGRAM='${INSTALL}'
INSTALL_SCRIPT='${INSTALL}'
LDFLAGS=''
LIBOBJS=''
LIBS='-lz '
LTLIBOBJS=''
OBJEXT='o'
PACKAGE_BUGREPORT=''
PACKAGE_NAME='ccache-swig'
PACKAGE_STRING='ccache-swig 0.0'
PACKAGE_TARNAME='ccache-swig'
PACKAGE_URL=''
PACKAGE_VERSION='0.0'
PATH_SEPARATOR=':'
PROGRAM_NAME='ccache-swig'
SHELL='/bin/bash'
ac_ct_CC='gcc'
bindir='${exec_prefix}/bin'
build_alias=''
datadir='${datarootdir}'
datarootdir='${prefix}/share'
docdir='${datarootdir}/doc/${PACKAGE_TARNAME}'
dvidir='${docdir}'
exec_prefix='${prefix}'
host_alias=''
htmldir='${docdir}'
includedir='${prefix}/include'
infodir='${datarootdir}/info'
libdir='${exec_prefix}/lib'
libexecdir='${exec_prefix}/libexec'
localedir='${datarootdir}/locale'
localstatedir='${prefix}/var'
mandir='${datarootdir}/man'
oldincludedir='/usr/include'
pdfdir='${docdir}'
prefix='/usr/local'
program_transform_name='s,x,x,'
psdir='${docdir}'
runstatedir='${localstatedir}/run'
sbindir='${exec_prefix}/sbin'
sharedstatedir='${prefix}/com'
sysconfdir='${prefix}/etc'
target_alias=''

## ----------- ##
## confdefs.h. ##
## ----------- ##

/* confdefs.h */
#define PACKAGE_NAME "ccache-swig"
#define PACKAGE_TARNAME "ccache-swig"
#define PACKAGE_VERSION "0.0"
#define PACKAGE_STRING "ccache-swig 0.0"
#define PACKAGE_BUGREPORT ""
#define PACKAGE_URL ""
#define PROGRAM_NAME "ccache-swig"
#define _GNU_SOURCE 1
#define HAVE_DIRENT_H 1
#define HAVE_SYS_WAIT_H 1
#define HAVE_STDIO_H 1
#define HAVE_STDLIB_H 1
#define HAVE_STRING_H 1
#define HAVE_INTTYPES_H 1
#define HAVE_STDINT_H 1
#define HAVE_STRINGS_H 1
#define HAVE_SYS_STAT_H 1
#define HAVE_SYS_TYPES_H 1
#define HAVE_UNISTD_H 1
#define STDC_HEADERS 1
#define HAVE_CTYPE_H 1
#define HAVE_STRINGS_H 1
#define HAVE_STDLIB_H 1
#define HAVE_STRING_H 1
#define HAVE_PWD_H 1
#define HAVE_SYS_TIME_H 1
#define HAVE_REALPATH 1
#define HAVE_SNPRINTF 1
#define HAVE_VSNPRINTF 1
#define HAVE_VASPRINTF 1
#define HAVE_ASPRINTF 1
#define HAVE_MKSTEMP 1
#define HAVE_GETHOSTNAME 1
#define HAVE_GETPWUID 1
#define HAVE_UTIMES 1
#define HAVE_COMPAR_FN_T 1
#define HAVE_C99_VSNPRINTF 1
#define ENABLE_ZLIB 1

configure: exit 0
